2022-10-15 17:08:23,926 INFO org.springframework.boot.StartupInfoLogger [main] Starting BotApplication using Java 17.0.2 on DESKTOP-G9A9H9N with PID 18152 (D:\progi\ExchangeRate_2.0\target\classes started by mi in D:\progi\ExchangeRate_2.0)
2022-10-15 17:08:23,959 INFO org.springframework.boot.SpringApplication [main] No active profile set, falling back to 1 default profile: "default"
2022-10-15 17:08:26,269 INFO org.springframework.boot.StartupInfoLogger [main] Started BotApplication in 4.376 seconds (JVM running for 6.361)
2022-10-15 17:08:36,602 INFO ru.liga.telegram_bot.servise.TelegramBot [ExchangeRateMyVPBot Telegram Executor] пользователь ввел запрос - rate TRY -date 22.02.2030 -alg mist
2022-10-15 17:08:36,831 INFO ru.liga.telegram_bot.servise.TelegramBot [ExchangeRateMyVPBot Telegram Executor] отправление сообщения с прогнозом курса валюты
2022-10-15 17:12:15,463 INFO org.springframework.boot.StartupInfoLogger [main] Starting BotApplication using Java 17.0.2 on DESKTOP-G9A9H9N with PID 13568 (D:\progi\ExchangeRate_2.0\target\classes started by mi in D:\progi\ExchangeRate_2.0)
2022-10-15 17:12:15,464 INFO org.springframework.boot.SpringApplication [main] No active profile set, falling back to 1 default profile: "default"
2022-10-15 17:12:16,644 INFO org.springframework.boot.StartupInfoLogger [main] Started BotApplication in 1.597 seconds (JVM running for 2.328)
2022-10-15 17:12:18,922 INFO ru.liga.telegram_bot.servise.TelegramBot [ExchangeRateMyVPBot Telegram Executor] пользователь ввел запрос - rate TRY -date 22.02.2030 -alg mist
2022-10-15 17:12:19,117 INFO ru.liga.telegram_bot.servise.TelegramBot [ExchangeRateMyVPBot Telegram Executor] отправление сообщения с прогнозом курса валюты
2022-10-15 17:37:49,425 INFO org.springframework.boot.StartupInfoLogger [main] Starting BotApplication using Java 17.0.2 on DESKTOP-G9A9H9N with PID 3636 (D:\progi\ExchangeRate_2.0\target\classes started by mi in D:\progi\ExchangeRate_2.0)
2022-10-15 17:37:49,426 INFO org.springframework.boot.SpringApplication [main] No active profile set, falling back to 1 default profile: "default"
2022-10-15 17:37:50,574 INFO org.springframework.boot.StartupInfoLogger [main] Started BotApplication in 1.581 seconds (JVM running for 2.212)
2022-10-15 17:38:02,589 INFO ru.liga.telegram_bot.servise.TelegramBot [ExchangeRateMyVPBot Telegram Executor] пользователь ввел запрос - rate TRY -date 22.02.2030 -alg mist
2022-10-15 17:38:02,739 INFO ru.liga.telegram_bot.servise.TelegramBot [ExchangeRateMyVPBot Telegram Executor] отправление сообщения с прогнозом курса валюты
2022-10-15 17:43:28,048 INFO ru.liga.telegram_bot.servise.TelegramBot [ExchangeRateMyVPBot Telegram Executor] пользователь ввел запрос - rate TRY -date 22.02.2030 -alg mist
2022-10-15 17:43:28,208 INFO ru.liga.telegram_bot.servise.TelegramBot [ExchangeRateMyVPBot Telegram Executor] отправление сообщения с прогнозом курса валюты
2022-10-15 18:21:20,368 ERROR org.telegram.telegrambots.updatesreceivers.DefaultBotSession$ReaderThread [ExchangeRateMyVPBot Telegram Connection] Connection reset
java.net.SocketException: Connection reset
	at java.base/sun.nio.ch.NioSocketImpl.implRead(NioSocketImpl.java:323)
	at java.base/sun.nio.ch.NioSocketImpl.read(NioSocketImpl.java:350)
	at java.base/sun.nio.ch.NioSocketImpl$1.read(NioSocketImpl.java:803)
	at java.base/java.net.Socket$SocketInputStream.read(Socket.java:966)
	at java.base/sun.security.ssl.SSLSocketInputRecord.read(SSLSocketInputRecord.java:478)
	at java.base/sun.security.ssl.SSLSocketInputRecord.readHeader(SSLSocketInputRecord.java:472)
	at java.base/sun.security.ssl.SSLSocketInputRecord.bytesInCompletePacket(SSLSocketInputRecord.java:70)
	at java.base/sun.security.ssl.SSLSocketImpl.readApplicationRecord(SSLSocketImpl.java:1455)
	at java.base/sun.security.ssl.SSLSocketImpl$AppInputStream.read(SSLSocketImpl.java:1059)
	at org.apache.http.impl.io.SessionInputBufferImpl.streamRead(SessionInputBufferImpl.java:137)
	at org.apache.http.impl.io.SessionInputBufferImpl.fillBuffer(SessionInputBufferImpl.java:153)
	at org.apache.http.impl.io.SessionInputBufferImpl.readLine(SessionInputBufferImpl.java:280)
	at org.apache.http.impl.conn.DefaultHttpResponseParser.parseHead(DefaultHttpResponseParser.java:138)
	at org.apache.http.impl.conn.DefaultHttpResponseParser.parseHead(DefaultHttpResponseParser.java:56)
	at org.apache.http.impl.io.AbstractMessageParser.parse(AbstractMessageParser.java:259)
	at org.apache.http.impl.DefaultBHttpClientConnection.receiveResponseHeader(DefaultBHttpClientConnection.java:163)
	at org.apache.http.impl.conn.CPoolProxy.receiveResponseHeader(CPoolProxy.java:157)
	at org.apache.http.protocol.HttpRequestExecutor.doReceiveResponse(HttpRequestExecutor.java:273)
	at org.apache.http.protocol.HttpRequestExecutor.execute(HttpRequestExecutor.java:125)
	at org.apache.http.impl.execchain.MainClientExec.execute(MainClientExec.java:272)
	at org.apache.http.impl.execchain.ProtocolExec.execute(ProtocolExec.java:186)
	at org.apache.http.impl.execchain.RetryExec.execute(RetryExec.java:89)
	at org.apache.http.impl.execchain.RedirectExec.execute(RedirectExec.java:110)
	at org.apache.http.impl.client.InternalHttpClient.doExecute(InternalHttpClient.java:185)
	at org.apache.http.impl.client.CloseableHttpClient.execute(CloseableHttpClient.java:83)
	at org.telegram.telegrambots.updatesreceivers.DefaultBotSession$ReaderThread.getUpdatesFromServer(DefaultBotSession.java:250)
	at org.telegram.telegrambots.updatesreceivers.DefaultBotSession$ReaderThread.run(DefaultBotSession.java:189)
2022-10-15 18:28:22,301 INFO org.springframework.boot.StartupInfoLogger [main] Starting BotApplication using Java 17.0.2 on DESKTOP-G9A9H9N with PID 10936 (D:\progi\ExchangeRate_2.0\target\classes started by mi in D:\progi\ExchangeRate_2.0)
2022-10-15 18:28:22,302 INFO org.springframework.boot.SpringApplication [main] No active profile set, falling back to 1 default profile: "default"
2022-10-15 18:28:24,321 INFO org.springframework.boot.StartupInfoLogger [main] Started BotApplication in 2.78 seconds (JVM running for 4.04)
2022-10-15 18:28:59,526 INFO ru.liga.telegram_bot.servise.TelegramBot [ExchangeRateMyVPBot Telegram Executor] пользователь ввел запрос - rate TRY -date 16.02.2022 -alg lastYear
2022-10-15 18:29:14,662 INFO org.springframework.boot.StartupInfoLogger [main] Starting BotApplication using Java 17.0.2 on DESKTOP-G9A9H9N with PID 13408 (D:\progi\ExchangeRate_2.0\target\classes started by mi in D:\progi\ExchangeRate_2.0)
2022-10-15 18:29:14,667 INFO org.springframework.boot.SpringApplication [main] No active profile set, falling back to 1 default profile: "default"
2022-10-15 18:29:16,808 INFO org.springframework.boot.StartupInfoLogger [main] Started BotApplication in 3.169 seconds (JVM running for 4.995)
2022-10-15 18:29:22,441 INFO ru.liga.telegram_bot.servise.TelegramBot [ExchangeRateMyVPBot Telegram Executor] пользователь ввел запрос - rate TRY -date 16.02.2022 -alg lastYear
2022-10-15 18:49:00,289 INFO org.springframework.boot.StartupInfoLogger [main] Starting BotApplication using Java 17.0.2 on DESKTOP-G9A9H9N with PID 14036 (D:\progi\ExchangeRate_2.0\target\classes started by mi in D:\progi\ExchangeRate_2.0)
2022-10-15 18:49:00,290 INFO org.springframework.boot.SpringApplication [main] No active profile set, falling back to 1 default profile: "default"
2022-10-15 18:49:02,523 INFO org.springframework.boot.StartupInfoLogger [main] Started BotApplication in 2.887 seconds (JVM running for 3.643)
2022-10-15 18:49:03,107 INFO ru.liga.telegram_bot.servise.TelegramBot [ExchangeRateMyVPBot Telegram Executor] пользователь ввел запрос - rate USD -date 16.02.2022 -alg lastYear
2022-10-15 18:50:02,492 INFO org.springframework.boot.StartupInfoLogger [main] Starting BotApplication using Java 17.0.2 on DESKTOP-G9A9H9N with PID 9048 (D:\progi\ExchangeRate_2.0\target\classes started by mi in D:\progi\ExchangeRate_2.0)
2022-10-15 18:50:02,494 INFO org.springframework.boot.SpringApplication [main] No active profile set, falling back to 1 default profile: "default"
2022-10-15 18:50:04,246 INFO org.springframework.boot.StartupInfoLogger [main] Started BotApplication in 2.213 seconds (JVM running for 3.486)
2022-10-15 18:50:26,447 INFO ru.liga.telegram_bot.servise.TelegramBot [ExchangeRateMyVPBot Telegram Executor] пользователь ввел запрос - rate USD -date 16.02.2022 -alg lastYear
2022-10-15 18:52:59,127 INFO org.springframework.boot.StartupInfoLogger [main] Starting BotApplication using Java 17.0.2 on DESKTOP-G9A9H9N with PID 16904 (D:\progi\ExchangeRate_2.0\target\classes started by mi in D:\progi\ExchangeRate_2.0)
2022-10-15 18:52:59,132 INFO org.springframework.boot.SpringApplication [main] No active profile set, falling back to 1 default profile: "default"
2022-10-15 18:53:01,032 INFO org.springframework.boot.StartupInfoLogger [main] Started BotApplication in 2.622 seconds (JVM running for 3.775)
2022-10-15 18:53:19,579 INFO ru.liga.telegram_bot.servise.TelegramBot [ExchangeRateMyVPBot Telegram Executor] пользователь ввел запрос - rate USD -date 16.02.2022 -alg lastYear
2022-10-15 18:58:28,445 INFO org.springframework.boot.StartupInfoLogger [main] Starting BotApplication using Java 17.0.2 on DESKTOP-G9A9H9N with PID 14348 (D:\progi\ExchangeRate_2.0\target\classes started by mi in D:\progi\ExchangeRate_2.0)
2022-10-15 18:58:28,448 INFO org.springframework.boot.SpringApplication [main] No active profile set, falling back to 1 default profile: "default"
2022-10-15 18:58:30,082 INFO org.springframework.boot.StartupInfoLogger [main] Started BotApplication in 2.133 seconds (JVM running for 3.079)
2022-10-15 18:58:30,495 INFO ru.liga.telegram_bot.servise.TelegramBot [ExchangeRateMyVPBot Telegram Executor] пользователь ввел запрос - rate USD -date 16.10.2022 -alg lastYear
2022-10-15 18:58:30,607 INFO ru.liga.telegram_bot.servise.TelegramBot [ExchangeRateMyVPBot Telegram Executor] отправление сообщения с прогнозом курса валюты
2022-10-15 18:58:57,187 INFO org.springframework.boot.StartupInfoLogger [main] Starting BotApplication using Java 17.0.2 on DESKTOP-G9A9H9N with PID 13904 (D:\progi\ExchangeRate_2.0\target\classes started by mi in D:\progi\ExchangeRate_2.0)
2022-10-15 18:58:57,189 INFO org.springframework.boot.SpringApplication [main] No active profile set, falling back to 1 default profile: "default"
2022-10-15 18:58:58,978 INFO org.springframework.boot.StartupInfoLogger [main] Started BotApplication in 2.484 seconds (JVM running for 3.405)
2022-10-15 18:58:59,484 INFO ru.liga.telegram_bot.servise.TelegramBot [ExchangeRateMyVPBot Telegram Executor] пользователь ввел запрос - rate USD -date 16.10.2022 -alg lastYear
2022-10-15 18:59:29,846 INFO org.springframework.boot.StartupInfoLogger [main] Starting BotApplication using Java 17.0.2 on DESKTOP-G9A9H9N with PID 3504 (D:\progi\ExchangeRate_2.0\target\classes started by mi in D:\progi\ExchangeRate_2.0)
2022-10-15 18:59:29,849 INFO org.springframework.boot.SpringApplication [main] No active profile set, falling back to 1 default profile: "default"
2022-10-15 18:59:31,451 INFO org.springframework.boot.StartupInfoLogger [main] Started BotApplication in 2.331 seconds (JVM running for 3.048)
2022-10-15 18:59:31,851 INFO ru.liga.telegram_bot.servise.TelegramBot [ExchangeRateMyVPBot Telegram Executor] пользователь ввел запрос - rate USD -date 16.10.2022 -alg lastYear
2022-10-15 18:59:31,907 INFO ru.liga.telegram_bot.servise.TelegramBot [ExchangeRateMyVPBot Telegram Executor] отправление сообщения с прогнозом курса валюты
2022-10-15 19:02:25,854 INFO ru.liga.telegram_bot.servise.TelegramBot [ExchangeRateMyVPBot Telegram Executor] пользователь ввел запрос - rate USD -alg lastYear -date 16.10.2022
2022-10-15 19:11:00,293 INFO org.springframework.boot.StartupInfoLogger [main] Starting BotApplication using Java 17.0.2 on DESKTOP-G9A9H9N with PID 572 (D:\progi\ExchangeRate_2.0\target\classes started by mi in D:\progi\ExchangeRate_2.0)
2022-10-15 19:11:00,294 INFO org.springframework.boot.SpringApplication [main] No active profile set, falling back to 1 default profile: "default"
2022-10-15 19:11:02,452 INFO org.springframework.boot.StartupInfoLogger [main] Started BotApplication in 2.806 seconds (JVM running for 3.978)
2022-10-15 19:11:02,963 INFO ru.liga.telegram_bot.servise.TelegramBot [ExchangeRateMyVPBot Telegram Executor] пользователь ввел запрос - rate USD -date 16.10.2022 -alg lastYear
2022-10-15 19:11:03,005 INFO ru.liga.telegram_bot.servise.TelegramBot [ExchangeRateMyVPBot Telegram Executor] отправление сообщения с прогнозом курса валюты
2022-10-15 19:29:14,250 INFO org.springframework.boot.StartupInfoLogger [main] Starting BotApplication using Java 17.0.2 on DESKTOP-G9A9H9N with PID 13588 (D:\progi\ExchangeRate_2.0\target\classes started by mi in D:\progi\ExchangeRate_2.0)
2022-10-15 19:29:14,252 INFO org.springframework.boot.SpringApplication [main] No active profile set, falling back to 1 default profile: "default"
2022-10-15 19:29:15,597 INFO org.springframework.boot.StartupInfoLogger [main] Started BotApplication in 1.75 seconds (JVM running for 2.309)
2022-10-15 19:29:16,808 INFO ru.liga.telegram_bot.servise.TelegramBot [ExchangeRateMyVPBot Telegram Executor] пользователь ввел запрос - rate USD -date 16.10.2022 -alg mist
2022-10-15 19:29:25,099 INFO ru.liga.telegram_bot.servise.TelegramBot [ExchangeRateMyVPBot Telegram Executor] пользователь ввел запрос - rate USD -date 16.10.2022 -alg mist
2022-10-15 19:29:29,280 INFO ru.liga.telegram_bot.servise.TelegramBot [ExchangeRateMyVPBot Telegram Executor] пользователь ввел запрос - rate USD -date 16.10.2022 -alg lastYear
2022-10-15 19:29:53,736 INFO org.springframework.boot.StartupInfoLogger [main] Starting BotApplication using Java 17.0.2 on DESKTOP-G9A9H9N with PID 7564 (D:\progi\ExchangeRate_2.0\target\classes started by mi in D:\progi\ExchangeRate_2.0)
2022-10-15 19:29:53,738 INFO org.springframework.boot.SpringApplication [main] No active profile set, falling back to 1 default profile: "default"
2022-10-15 19:29:54,912 INFO org.springframework.boot.StartupInfoLogger [main] Started BotApplication in 1.625 seconds (JVM running for 2.173)
2022-10-15 19:29:57,288 INFO ru.liga.telegram_bot.servise.TelegramBot [ExchangeRateMyVPBot Telegram Executor] пользователь ввел запрос - rate USD -date 16.10.2022 -alg lastYear
2022-10-15 19:29:57,330 INFO ru.liga.telegram_bot.servise.TelegramBot [ExchangeRateMyVPBot Telegram Executor] отправление сообщения с прогнозом курса валюты
2022-10-15 19:30:01,651 INFO ru.liga.telegram_bot.servise.TelegramBot [ExchangeRateMyVPBot Telegram Executor] пользователь ввел запрос - rate USD -date 16.10.2022 -alg mist
2022-10-15 19:30:01,670 INFO ru.liga.telegram_bot.servise.TelegramBot [ExchangeRateMyVPBot Telegram Executor] отправление сообщения с прогнозом курса валюты
